[debug] [2024-10-19T11:18:34.532Z] ----------------------------------------------------------------------
[debug] [2024-10-19T11:18:34.551Z] Command:       C:\Program Files\nodejs\node.exe C:\Users\User\AppData\Roaming\npm\node_modules\firebase-tools\lib\bin\firebase.js init hosting
[debug] [2024-10-19T11:18:34.554Z] CLI Version:   13.22.1
[debug] [2024-10-19T11:18:34.554Z] Platform:      win32
[debug] [2024-10-19T11:18:34.555Z] Node Version:  v21.7.1
[debug] [2024-10-19T11:18:34.557Z] Time:          Sat Oct 19 2024 13:18:34 GMT+0200 (South Africa Standard Time)
[debug] [2024-10-19T11:18:34.558Z] ----------------------------------------------------------------------
[debug] 
[debug] [2024-10-19T11:18:34.609Z] > command requires scopes: ["email","openid","https://www.googleapis.com/auth/cloudplatformprojects.readonly","https://www.googleapis.com/auth/firebase","https://www.googleapis.com/auth/cloud-platform"]
[debug] [2024-10-19T11:18:34.613Z] > authorizing via signed-in user (menelisim421@gmail.com)
[info] 
     ######## #### ########  ######## ########     ###     ######  ########
     ##        ##  ##     ## ##       ##     ##  ##   ##  ##       ##
     ######    ##  ########  ######   ########  #########  ######  ######
     ##        ##  ##    ##  ##       ##     ## ##     ##       ## ##
     ##       #### ##     ## ######## ########  ##     ##  ######  ########

You're about to initialize a Firebase project in this directory:

  C:\Users\User\Downloads\kassims

[info] 
=== Project Setup
[info] 
[info] First, let's associate this project directory with a Firebase project.
[info] You can create multiple project aliases by running firebase use --add, 
[info] but for now we'll just set up a default project.
[info] 
[debug] [2024-10-19T11:18:58.595Z] Checked if tokens are valid: true, expires at: 1729339815085
[debug] [2024-10-19T11:18:58.596Z] Checked if tokens are valid: true, expires at: 1729339815085
[debug] [2024-10-19T11:18:58.609Z] >>> [apiv2][query] GET https://firebase.googleapis.com/v1beta1/availableProjects pageSize=100
[debug] [2024-10-19T11:18:59.787Z] <<< [apiv2][status] GET https://firebase.googleapis.com/v1beta1/availableProjects 200
[debug] [2024-10-19T11:18:59.788Z] <<< [apiv2][body] GET https://firebase.googleapis.com/v1beta1/availableProjects [omitted]
[debug] [2024-10-19T11:19:01.421Z] Checked if tokens are valid: true, expires at: 1729339815085
[debug] [2024-10-19T11:19:01.421Z] Checked if tokens are valid: true, expires at: 1729339815085
[debug] [2024-10-19T11:19:01.422Z] >>> [apiv2][query] POST https://firebase.googleapis.com/v1beta1/projects/kassimsweb:addFirebase [none]
[debug] [2024-10-19T11:19:01.983Z] <<< [apiv2][status] POST https://firebase.googleapis.com/v1beta1/projects/kassimsweb:addFirebase 403
[debug] [2024-10-19T11:19:01.983Z] <<< [apiv2][body] POST https://firebase.googleapis.com/v1beta1/projects/kassimsweb:addFirebase {"error":{"code":403,"message":"The caller does not have permission","status":"PERMISSION_DENIED"}}
[debug] [2024-10-19T11:19:01.985Z] HTTP Error: 403, The caller does not have permission
[debug] [2024-10-19T11:19:02.510Z] FirebaseError: HTTP Error: 403, The caller does not have permission
    at responseToError (C:\Users\User\AppData\Roaming\npm\node_modules\firebase-tools\lib\responseToError.js:49:12)
    at RetryOperation._fn (C:\Users\User\AppData\Roaming\npm\node_modules\firebase-tools\lib\apiv2.js:312:77)
    at process.processTicksAndRejections (node:internal/process/task_queues:95:5)
[error] 
[error] Error: Failed to add Firebase to Google Cloud Platform project. See firebase-debug.log for more info.
